c:\users\actac\onedrive\desktop\pacman-clone-master\csai151_final_project\x64\debug\vc143.pdb
c:\users\actac\onedrive\desktop\pacman-clone-master\csai151_final_project\x64\debug\vc143.idb
c:\users\actac\onedrive\desktop\pacman-clone-master\csai151_final_project\x64\debug\button.obj
c:\users\actac\onedrive\desktop\pacman-clone-master\csai151_final_project\x64\debug\state.obj
c:\users\actac\onedrive\desktop\pacman-clone-master\csai151_final_project\x64\debug\snack.obj
c:\users\actac\onedrive\desktop\pacman-clone-master\csai151_final_project\x64\debug\pacman.obj
c:\users\actac\onedrive\desktop\pacman-clone-master\csai151_final_project\x64\debug\main.obj
c:\users\actac\onedrive\desktop\pacman-clone-master\csai151_final_project\x64\debug\gamemanager.obj
c:\users\actac\onedrive\desktop\pacman-clone-master\csai151_final_project\x64\debug\entity.obj
c:\users\actac\onedrive\desktop\pacman-clone-master\csai151_final_project\x64\debug\animator.obj
c:\users\actac\onedrive\desktop\pacman-clone-master\csai151_final_project\x64\debug\animation.obj
c:\users\actac\onedrive\desktop\pacman-clone-master\csai151_final_project\x64\debug\pathfinding.obj
c:\users\actac\onedrive\desktop\pacman-clone-master\csai151_final_project\x64\debug\enemy.obj
c:\users\actac\onedrive\desktop\pacman-clone-master\csai151_final_project\x64\debug\debug.obj
c:\users\actac\onedrive\desktop\pacman-clone-master\csai151_final_project\x64\debug\blinky.obj
c:\users\actac\onedrive\desktop\pacman-clone-master\csai151_final_project\x64\debug\pinky.obj
c:\users\actac\onedrive\desktop\pacman-clone-master\csai151_final_project\x64\debug\inky.obj
c:\users\actac\onedrive\desktop\pacman-clone-master\csai151_final_project\x64\debug\clyde.obj
c:\users\actac\onedrive\desktop\pacman-clone-master\csai151_final_project\x64\debug\audiomanager.obj
c:\users\actac\onedrive\desktop\pacman-clone-master\csai151_final_project\x64\debug\gamestate.obj
c:\users\actac\onedrive\desktop\pacman-clone-master\csai151_final_project\x64\debug\mainmenustate.obj
c:\users\actac\onedrive\desktop\pacman-clone-master\csai151_final_project\x64\debug\gameoverstate.obj
c:\users\actac\onedrive\desktop\pacman-clone-master\csai151_final_project\x64\debug\csai_151finalproject.exe
c:\users\actac\onedrive\desktop\pacman-clone-master\csai151_final_project\x64\debug\csai_151finalproject.ilk
c:\users\actac\onedrive\desktop\pacman-clone-master\csai151_final_project\x64\debug\csai_151finalproject.pdb
d:\csai151_final_project\x64\debug\animation.obj
d:\csai151_final_project\x64\debug\animator.obj
d:\csai151_final_project\x64\debug\audiomanager.obj
d:\csai151_final_project\x64\debug\blinky.obj
d:\csai151_final_project\x64\debug\button.obj
d:\csai151_final_project\x64\debug\clyde.obj
d:\csai151_final_project\x64\debug\debug.obj
d:\csai151_final_project\x64\debug\enemy.obj
d:\csai151_final_project\x64\debug\entity.obj
d:\csai151_final_project\x64\debug\gamemanager.obj
d:\csai151_final_project\x64\debug\gameoverstate.obj
d:\csai151_final_project\x64\debug\gamestate.obj
d:\csai151_final_project\x64\debug\inky.obj
d:\csai151_final_project\x64\debug\main.obj
d:\csai151_final_project\x64\debug\mainmenustate.obj
d:\csai151_final_project\x64\debug\pacman.obj
d:\csai151_final_project\x64\debug\pathfinding.obj
d:\csai151_final_project\x64\debug\pinky.obj
d:\csai151_final_project\x64\debug\snack.obj
d:\csai151_final_project\x64\debug\state.obj
d:\csai151_final_project\x64\debug\csai_151finalproject.ilk
d:\csai151_final_project\x64\debug\pacman-clone.ilk
d:\csai151_final_project\x64\debug\vc142.idb
d:\csai151_final_project\x64\debug\vc143.idb
d:\csai151_final_project\x64\debug\csai_151finalproject.pdb
d:\csai151_final_project\x64\debug\pacman-clone.pdb
d:\csai151_final_project\x64\debug\vc142.pdb
d:\csai151_final_project\x64\debug\vc143.pdb
d:\csai151_final_project\x64\debug\csai_151finalproject.exe
d:\csai151_final_project\x64\debug\csai_151.b0e2d26a.tlog\cl.command.1.tlog
d:\csai151_final_project\x64\debug\csai_151.b0e2d26a.tlog\cl.items.tlog
d:\csai151_final_project\x64\debug\csai_151.b0e2d26a.tlog\cl.read.1.tlog
d:\csai151_final_project\x64\debug\csai_151.b0e2d26a.tlog\cl.write.1.tlog
d:\csai151_final_project\x64\debug\csai_151.b0e2d26a.tlog\link.command.1.tlog
d:\csai151_final_project\x64\debug\csai_151.b0e2d26a.tlog\link.read.1.tlog
d:\csai151_final_project\x64\debug\csai_151.b0e2d26a.tlog\link.write.1.tlog
